2022-05-19 03:08:02,177--DEBUG--8768--6560--MainThread--read_devices--17--17 : 尝试获取设备信息
2022-05-19 03:08:02,182--DEBUG--8768--6560--MainThread--read_devices--24--24 : {'appActivity': 'com.turrant.ui.activity.LaunchActivity', 'appPackage': 'com.turrant', 'app': 'D:/app_list/turrant/Test-Turrant_V1.0.2_2022-05-07-14-45-03_google.apk', 'deviceName': 'OPPO', 'platFormVersion': 11, 'platformName': 'Android', 'resetKeyboard': False, 'noReset': False, 'unicodeKeyboard': False, 'udid': '192.168.20.108:5555'}
2022-05-19 03:09:20,090--DEBUG--10696--9764--MainThread--read_devices--17--17 : 尝试获取设备信息
2022-05-19 03:09:20,094--DEBUG--10696--9764--MainThread--read_devices--24--24 : {'appActivity': 'com.turrant.ui.activity.LaunchActivity', 'appPackage': 'com.turrant', 'app': 'D:/app_list/turrant/Test-Turrant_V1.0.2_2022-05-07-14-45-03_google.apk', 'deviceName': 'OPPO', 'platFormVersion': 11, 'platformName': 'Android', 'resetKeyboard': False, 'noReset': False, 'unicodeKeyboard': False, 'udid': '192.168.20.136:5555'}
2022-05-19 03:10:43,212--DEBUG--13668--8892--MainThread--read_devices--17--17 : 尝试获取设备信息
2022-05-19 03:10:43,216--DEBUG--13668--8892--MainThread--read_devices--24--24 : {'appActivity': 'com.turrant.ui.activity.LaunchActivity', 'appPackage': 'com.turrant', 'app': 'D:/app_list/turrant/Test-Turrant_V1.0.2_2022-05-07-14-45-03_google.apk', 'deviceName': 'OPPO', 'platFormVersion': 11, 'platformName': 'Android', 'resetKeyboard': False, 'noReset': False, 'unicodeKeyboard': False, 'udid': '192.168.20.136:5555'}
2022-05-19 03:26:31,854--DEBUG--3388--3920--MainThread--read_devices--17--17 : 尝试获取设备信息
2022-05-19 03:26:31,859--DEBUG--3388--3920--MainThread--read_devices--24--24 : {'appActivity': 'com.turrant.ui.activity.LaunchActivity', 'appPackage': 'com.turrant', 'app': 'D:/app_list/turrant/Turrant_V1.0.2_2022-05-19-13-51-51_google.apk', 'deviceName': 'OPPO', 'platFormVersion': 11, 'platformName': 'Android', 'resetKeyboard': False, 'noReset': False, 'unicodeKeyboard': False, 'udid': '192.168.20.136:5555'}
2022-05-19 03:39:47,951--DEBUG--10524--11228--MainThread--read_devices--17--17 : 尝试获取设备信息
2022-05-19 03:39:47,952--ERROR--10524--11228--MainThread--read_devices--21--21 : 设备文件读取错误
2022-05-19 03:39:47,954--DEBUG--10524--11228--MainThread--read_devices--17--17 : 尝试获取设备信息
2022-05-19 03:39:47,954--ERROR--10524--11228--MainThread--read_devices--21--21 : 设备文件读取错误
2022-05-19 03:39:47,955--DEBUG--10524--11228--MainThread--read_devices--17--17 : 尝试获取设备信息
2022-05-19 03:39:47,955--ERROR--10524--11228--MainThread--read_devices--21--21 : 设备文件读取错误
2022-05-19 03:43:02,808--DEBUG--16032--10812--MainThread--read_devices--17--17 : 尝试获取设备信息
2022-05-19 03:43:02,809--ERROR--16032--10812--MainThread--read_devices--21--21 : 设备文件读取错误
2022-05-19 03:43:02,809--DEBUG--16032--10812--MainThread--read_devices--17--17 : 尝试获取设备信息
2022-05-19 03:43:02,809--ERROR--16032--10812--MainThread--read_devices--21--21 : 设备文件读取错误
2022-05-19 03:43:02,810--DEBUG--16032--10812--MainThread--read_devices--17--17 : 尝试获取设备信息
2022-05-19 03:43:02,810--ERROR--16032--10812--MainThread--read_devices--21--21 : 设备文件读取错误
2022-05-19 04:14:26,779--DEBUG--8008--6296--MainThread--read_devices--17--17 : 尝试获取设备信息
2022-05-19 04:14:26,779--ERROR--8008--6296--MainThread--read_devices--21--21 : 设备文件读取错误
2022-05-19 04:14:26,784--DEBUG--8008--6296--MainThread--read_devices--17--17 : 尝试获取设备信息
2022-05-19 04:14:26,784--ERROR--8008--6296--MainThread--read_devices--21--21 : 设备文件读取错误
2022-05-19 04:14:26,787--DEBUG--8008--8516--ThreadPoolExecutor-0_1--read_devices--17--17 : 尝试获取设备信息
2022-05-19 04:14:26,787--ERROR--8008--8516--ThreadPoolExecutor-0_1--read_devices--21--21 : 设备文件读取错误
2022-05-19 04:34:37,750--DEBUG--10548--12904--MainThread--read_devices--17--17 : 尝试获取设备信息
2022-05-19 04:34:37,751--ERROR--10548--12904--MainThread--read_devices--21--21 : 设备文件读取错误
2022-05-19 04:34:37,755--DEBUG--10548--12904--MainThread--read_devices--17--17 : 尝试获取设备信息
2022-05-19 04:34:37,755--ERROR--10548--12904--MainThread--read_devices--21--21 : 设备文件读取错误
2022-05-19 04:34:37,758--DEBUG--10548--2044--ThreadPoolExecutor-0_1--read_devices--17--17 : 尝试获取设备信息
2022-05-19 04:34:37,758--ERROR--10548--2044--ThreadPoolExecutor-0_1--read_devices--21--21 : 设备文件读取错误
2022-05-19 04:35:29,893--DEBUG--3264--2812--ThreadPoolExecutor-0_0--read_devices--17--17 : 尝试获取设备信息
2022-05-19 04:35:29,893--ERROR--3264--2812--ThreadPoolExecutor-0_0--read_devices--21--21 : 设备文件读取错误
2022-05-19 04:36:17,281--DEBUG--5108--13560--ThreadPoolExecutor-0_0--read_devices--17--17 : 尝试获取设备信息
2022-05-19 04:36:17,281--ERROR--5108--13560--ThreadPoolExecutor-0_0--read_devices--21--21 : 设备文件读取错误
2022-05-19 04:36:47,846--DEBUG--10656--14788--ThreadPoolExecutor-0_0--read_devices--17--17 : 尝试获取设备信息
2022-05-19 04:36:47,846--ERROR--10656--14788--ThreadPoolExecutor-0_0--read_devices--21--21 : 设备文件读取错误
2022-05-19 05:08:27,433--DEBUG--8076--11060--ThreadPoolExecutor-0_0--read_devices--17--17 : 尝试获取设备信息
2022-05-19 05:08:27,433--ERROR--8076--11060--ThreadPoolExecutor-0_0--read_devices--21--21 : 设备文件读取错误
2022-05-19 05:09:40,316--DEBUG--7144--9596--ThreadPoolExecutor-0_0--read_devices--17--17 : 尝试获取设备信息
2022-05-19 05:09:40,316--ERROR--7144--9596--ThreadPoolExecutor-0_0--read_devices--21--21 : 设备文件读取错误
2022-05-19 05:11:03,502--DEBUG--6452--16144--ThreadPoolExecutor-0_0--read_devices--17--17 : 尝试获取设备信息
2022-05-19 05:11:03,502--ERROR--6452--16144--ThreadPoolExecutor-0_0--read_devices--21--21 : 设备文件读取错误
2022-05-19 05:13:08,300--DEBUG--13888--15260--ThreadPoolExecutor-0_0--read_devices--17--17 : 尝试获取设备信息
2022-05-19 05:13:08,301--ERROR--13888--15260--ThreadPoolExecutor-0_0--read_devices--21--21 : 设备文件读取错误
2022-05-19 05:14:38,768--DEBUG--11928--6032--ThreadPoolExecutor-0_0--read_devices--17--17 : 尝试获取设备信息
2022-05-19 05:14:38,768--ERROR--11928--6032--ThreadPoolExecutor-0_0--read_devices--21--21 : 设备文件读取错误
2022-05-19 05:16:25,716--DEBUG--9328--16288--ThreadPoolExecutor-0_0--read_devices--17--17 : 尝试获取设备信息
2022-05-19 05:16:25,716--ERROR--9328--16288--ThreadPoolExecutor-0_0--read_devices--21--21 : 设备文件读取错误
2022-05-19 05:19:13,638--DEBUG--6232--680--ThreadPoolExecutor-0_0--read_devices--17--17 : 尝试获取设备信息
2022-05-19 05:19:13,638--ERROR--6232--680--ThreadPoolExecutor-0_0--read_devices--21--21 : 设备文件读取错误
2022-05-19 05:19:21,231--DEBUG--5884--14460--MainThread--read_devices--17--17 : 尝试获取设备信息
2022-05-19 05:19:21,231--ERROR--5884--14460--MainThread--read_devices--21--21 : 设备文件读取错误
2022-05-19 05:20:57,392--DEBUG--10424--13036--MainThread--read_devices--17--17 : 尝试获取设备信息
2022-05-19 05:20:57,392--ERROR--10424--13036--MainThread--read_devices--21--21 : 设备文件读取错误
2022-05-19 05:22:10,828--DEBUG--12496--16164--MainThread--read_devices--17--17 : 尝试获取设备信息
2022-05-19 05:22:10,828--ERROR--12496--16164--MainThread--read_devices--21--21 : 设备文件读取错误
2022-05-19 05:22:36,544--DEBUG--15576--756--MainThread--read_devices--17--17 : 尝试获取设备信息
2022-05-19 05:22:36,544--ERROR--15576--756--MainThread--read_devices--21--21 : 设备文件读取错误
2022-05-19 05:25:58,739--DEBUG--3496--1328--MainThread--read_devices--17--17 : 尝试获取设备信息
2022-05-19 05:25:58,740--ERROR--3496--1328--MainThread--read_devices--21--21 : 设备文件读取错误
2022-05-19 05:25:58,741--DEBUG--3496--1328--MainThread--read_devices--17--17 : 尝试获取设备信息
2022-05-19 05:25:58,741--ERROR--3496--1328--MainThread--read_devices--21--21 : 设备文件读取错误
2022-05-19 05:31:57,380--DEBUG--9584--13604--MainThread--read_devices--17--17 : 尝试获取设备信息
2022-05-19 05:31:57,382--ERROR--9584--13604--MainThread--read_devices--21--21 : 设备文件读取错误
2022-05-19 05:33:48,473--DEBUG--7588--7240--MainThread--read_devices--17--17 : 尝试获取设备信息
2022-05-19 05:33:48,473--ERROR--7588--7240--MainThread--read_devices--21--21 : 设备文件读取错误
2022-05-19 05:35:36,732--DEBUG--7568--16004--MainThread--read_devices--17--17 : 尝试获取设备信息
2022-05-19 05:35:36,732--ERROR--7568--16004--MainThread--read_devices--21--21 : 设备文件读取错误
2022-05-19 05:35:46,686--DEBUG--3220--13516--MainThread--read_devices--17--17 : 尝试获取设备信息
2022-05-19 05:35:46,686--ERROR--3220--13516--MainThread--read_devices--21--21 : 设备文件读取错误
2022-05-19 05:37:04,181--DEBUG--16148--12924--MainThread--read_devices--17--17 : 尝试获取设备信息
2022-05-19 05:37:04,181--ERROR--16148--12924--MainThread--read_devices--21--21 : 设备文件读取错误
2022-05-19 05:38:26,857--DEBUG--13892--11228--MainThread--read_devices--17--17 : 尝试获取设备信息
2022-05-19 05:38:26,857--ERROR--13892--11228--MainThread--read_devices--21--21 : 设备文件读取错误
2022-05-19 05:38:56,620--DEBUG--14240--14988--MainThread--read_devices--17--17 : 尝试获取设备信息
2022-05-19 05:38:56,620--ERROR--14240--14988--MainThread--read_devices--21--21 : 设备文件读取错误
2022-05-19 05:39:24,264--DEBUG--14048--8592--MainThread--read_devices--17--17 : 尝试获取设备信息
2022-05-19 05:39:24,265--ERROR--14048--8592--MainThread--read_devices--21--21 : 设备文件读取错误
2022-05-19 05:48:17,182--DEBUG--12892--14676--MainThread--read_devices--17--17 : 尝试获取设备信息
2022-05-19 05:48:17,182--ERROR--12892--14676--MainThread--read_devices--21--21 : 设备文件读取错误
2022-05-19 05:50:17,802--DEBUG--9156--8948--MainThread--read_devices--17--17 : 尝试获取设备信息
2022-05-19 05:50:17,803--ERROR--9156--8948--MainThread--read_devices--21--21 : 设备文件读取错误
2022-05-19 05:55:37,647--DEBUG--7440--10996--MainThread--read_devices--17--17 : 尝试获取设备信息
2022-05-19 05:55:37,647--ERROR--7440--10996--MainThread--read_devices--21--21 : 设备文件读取错误
2022-05-19 05:56:36,822--DEBUG--15192--14840--MainThread--read_devices--17--17 : 尝试获取设备信息
2022-05-19 05:56:36,822--ERROR--15192--14840--MainThread--read_devices--21--21 : 设备文件读取错误
2022-05-19 05:58:01,328--DEBUG--2936--6372--MainThread--read_devices--17--17 : 尝试获取设备信息
2022-05-19 05:58:01,328--ERROR--2936--6372--MainThread--read_devices--21--21 : 设备文件读取错误
2022-05-19 05:59:09,892--DEBUG--7788--15752--MainThread--read_devices--17--17 : 尝试获取设备信息
2022-05-19 05:59:09,893--ERROR--7788--15752--MainThread--read_devices--21--21 : 设备文件读取错误
2022-05-19 06:02:14,298--DEBUG--2380--13792--MainThread--read_devices--17--17 : 尝试获取设备信息
2022-05-19 06:02:14,298--ERROR--2380--13792--MainThread--read_devices--21--21 : 设备文件读取错误
2022-05-19 06:07:53,176--DEBUG--5676--8592--MainThread--read_devices--17--17 : 尝试获取设备信息
2022-05-19 06:07:53,177--ERROR--5676--8592--MainThread--read_devices--21--21 : 设备文件读取错误
